[2022-10-10T16:35:49.927] [WARN] warnOnly - ruta /api/none método GET no implementada
[2022-10-10T16:35:50.070] [WARN] warnOnly - ruta /api/none método GET no implementada
[2022-10-10T16:38:18.096] [WARN] warnOnly - ruta /api/none método GET no implementada
[2022-10-10T16:39:49.230] [WARN] warnOnly - ruta /api/none método GET no implementada
[2022-10-10T16:40:24.931] [WARN] warnOnly - ruta /mycart/634474a95d8502c45405d20a método GET no implementada
[2022-10-10T16:46:35.621] [WARN] warnOnly - ruta /api/none método GET no implementada
[2022-10-10T16:46:44.194] [WARN] warnOnly - ruta /mycart/634474a95d8502c45405d20a método GET no implementada
[2022-10-10T16:48:04.667] [WARN] warnOnly - ruta /api/none método GET no implementada
[2022-10-10T16:48:06.703] [WARN] warnOnly - ruta /mycart/634474a95d8502c45405d20a método GET no implementada
[2022-10-10T16:50:59.699] [WARN] warnOnly - ruta /api/none método GET no implementada
[2022-10-10T16:51:01.661] [WARN] warnOnly - ruta /mycart/634474a95d8502c45405d20a método GET no implementada
[2022-10-10T16:53:59.401] [WARN] warnOnly - ruta /api/productos método GET no implementada
[2022-10-10T16:57:12.534] [WARN] warnOnly - ruta /api/none método GET no implementada
[2022-10-11T17:30:23.406] [WARN] warnOnly - ruta /favicon.ico método GET no implementada
[2022-10-11T17:30:28.496] [WARN] warnOnly - ruta /api/photo-1665430696715.jpg método GET no implementada
[2022-10-11T17:30:28.541] [WARN] warnOnly - ruta /api/none método GET no implementada
[2022-10-11T17:32:10.112] [WARN] warnOnly - ruta /api/photo-1665430696715.jpg método GET no implementada
[2022-10-11T17:32:10.182] [WARN] warnOnly - ruta /api/none método GET no implementada
[2022-10-11T17:33:02.886] [WARN] warnOnly - ruta /api/photo-1665430696715.jpg método GET no implementada
[2022-10-11T17:33:02.941] [WARN] warnOnly - ruta /api/none método GET no implementada
[2022-10-11T17:44:54.937] [WARN] warnOnly - ruta /api/photo-1665430696715.jpg método GET no implementada
[2022-10-11T17:44:54.973] [WARN] warnOnly - ruta /api/none método GET no implementada
[2022-10-11T17:55:56.174] [WARN] warnOnly - ruta /api/photo-1665430696715.jpg método GET no implementada
[2022-10-11T17:55:56.183] [WARN] warnOnly - ruta /api/none método GET no implementada
[2022-10-11T17:57:11.691] [WARN] warnOnly - ruta /api/photo-1665430696715.jpg método GET no implementada
[2022-10-11T17:57:11.720] [WARN] warnOnly - ruta /api/none método GET no implementada
[2022-10-11T17:57:20.218] [WARN] warnOnly - ruta /api/photo-1665430696715.jpg método GET no implementada
[2022-10-11T17:57:20.255] [WARN] warnOnly - ruta /api/none método GET no implementada
[2022-10-11T17:58:36.950] [WARN] warnOnly - ruta /api/photo-1665430696715.jpg método GET no implementada
[2022-10-11T17:58:37.032] [WARN] warnOnly - ruta /api/none método GET no implementada
[2022-10-11T17:58:55.952] [WARN] warnOnly - ruta /api/photo-1665430696715.jpg método GET no implementada
[2022-10-11T17:58:56.245] [WARN] warnOnly - ruta /api/none método GET no implementada
[2022-10-11T17:59:12.891] [WARN] warnOnly - ruta /api/photo-1665430696715.jpg método GET no implementada
[2022-10-11T17:59:13.185] [WARN] warnOnly - ruta /api/none método GET no implementada
[2022-10-11T17:59:18.706] [WARN] warnOnly - ruta /api/photo-1665430696715.jpg método GET no implementada
[2022-10-11T17:59:18.733] [WARN] warnOnly - ruta /api/none método GET no implementada
[2022-10-11T17:59:33.779] [WARN] warnOnly - ruta /api/photo-1665430696715.jpg método GET no implementada
[2022-10-11T17:59:34.070] [WARN] warnOnly - ruta /api/none método GET no implementada
[2022-10-11T17:59:49.986] [WARN] warnOnly - ruta /api/photo-1665430696715.jpg método GET no implementada
[2022-10-11T17:59:50.019] [WARN] warnOnly - ruta /api/none método GET no implementada
[2022-10-11T18:00:01.881] [WARN] warnOnly - ruta /api/photo-1665430696715.jpg método GET no implementada
[2022-10-11T18:00:03.248] [WARN] warnOnly - ruta /api/photo-1665430696715.jpg método GET no implementada
[2022-10-11T18:00:05.224] [WARN] warnOnly - ruta /api/photo-1665430696715.jpg método GET no implementada
[2022-10-11T18:00:05.253] [WARN] warnOnly - ruta /api/none método GET no implementada
[2022-10-11T18:01:20.570] [WARN] warnOnly - ruta /api/photo-1665430696715.jpg método GET no implementada
[2022-10-11T18:01:20.691] [WARN] warnOnly - ruta /api/none método GET no implementada
[2022-10-11T18:01:20.809] [WARN] warnOnly - ruta /api/none método GET no implementada
[2022-10-11T18:08:21.534] [WARN] warnOnly - ruta /api/photo-1665430696715.jpg método GET no implementada
[2022-10-11T18:08:21.897] [WARN] warnOnly - ruta /api/none método GET no implementada
[2022-10-11T18:16:21.561] [WARN] warnOnly - ruta /api/none método GET no implementada
[2022-10-11T18:16:34.187] [WARN] warnOnly - ruta /api/none método GET no implementada
[2022-10-11T18:23:52.386] [WARN] warnOnly - ruta /api/none método GET no implementada
[2022-10-11T18:24:16.244] [WARN] warnOnly - ruta /api/none método GET no implementada
[2022-10-11T18:24:17.783] [WARN] warnOnly - ruta /api/none método GET no implementada
[2022-10-11T18:24:17.910] [WARN] warnOnly - ruta /api/none método GET no implementada
[2022-10-11T18:24:19.595] [WARN] warnOnly - ruta /api/none método GET no implementada
[2022-10-11T18:24:19.716] [WARN] warnOnly - ruta /api/none método GET no implementada

[2022-10-12T20:55:37.857] [WARN] warnOnly - ruta /favicon.ico método GET no implementada
[2022-10-13T19:10:26.470] [WARN] warnOnly - ruta /favicon.ico método GET no implementada
[2022-10-13T19:11:49.931] [WARN] warnOnly - ruta /api/none método GET no implementada
