[2022-09-01T15:12:36.259] [WARN] warnOnly - ruta /favicon.ico método GET no implementada
[2022-09-01T15:14:56.474] [WARN] warnOnly - ruta /mycart/6308add6fdd9618fa1afe183 método GET no implementada
[2022-09-01T15:15:59.243] [WARN] warnOnly - ruta /mycart/6308add6fdd9618fa1afe183 método GET no implementada
[2022-09-01T15:16:03.646] [WARN] warnOnly - ruta /mycart/6308add6fdd9618fa1afe183 método DELETE no implementada
[2022-09-01T15:17:30.582] [WARN] warnOnly - ruta /mycart/6308add6fdd9618fa1afe183 método GET no implementada
[2022-09-01T15:17:35.660] [WARN] warnOnly - ruta /mycart/6308add6fdd9618fa1afe183 método DELETE no implementada
[2022-09-01T15:19:08.371] [WARN] warnOnly - ruta /mycart/6308add6fdd9618fa1afe183 método GET no implementada
[2022-09-01T15:21:27.511] [WARN] warnOnly - ruta /mycart/6308add6fdd9618fa1afe183 método DELETE no implementada
[2022-09-01T15:25:55.410] [WARN] warnOnly - ruta /mycart/6308add6fdd9618fa1afe183 método GET no implementada
[2022-09-01T15:26:07.288] [WARN] warnOnly - ruta /mycart/6308add6fdd9618fa1afe183 método DELETE no implementada
[2022-09-01T15:26:22.546] [WARN] warnOnly - ruta /mycart/6308add6fdd9618fa1afe183 método GET no implementada
[2022-09-06T19:58:01.322] [WARN] warnOnly - ruta /favicon.ico método GET no implementada
[2022-09-07T20:23:11.367] [WARN] warnOnly - ruta /favicon.ico método GET no implementada
[2022-09-09T21:07:41.227] [WARN] warnOnly - ruta /favicon.ico método GET no implementada
[2022-09-10T15:29:16.576] [WARN] warnOnly - ruta /favicon.ico método GET no implementada
[2022-09-10T15:29:21.673] [WARN] warnOnly - ruta /favicon.ico método GET no implementada
[2022-09-13T15:32:11.571] [WARN] warnOnly - ruta /favicon.ico método GET no implementada
[2022-09-13T15:32:17.047] [WARN] warnOnly - ruta /favicon.ico método GET no implementada
[2022-09-13T15:32:17.413] [WARN] warnOnly - ruta /api/no%20hay método GET no implementada
[2022-09-13T15:41:25.881] [WARN] warnOnly - ruta /favicon.ico método GET no implementada
[2022-09-13T16:01:33.265] [WARN] warnOnly - ruta /mycart/6308add6fdd9618fa1afe183 método GET no implementada
[2022-09-13T16:04:19.574] [WARN] warnOnly - ruta /favicon.ico método GET no implementada
[2022-09-13T16:06:43.266] [WARN] warnOnly - ruta /mycart/6308add6fdd9618fa1afe183 método GET no implementada
[2022-09-23T21:16:40.909] [WARN] warnOnly - ruta / método GET no implementada
[2022-09-23T21:17:05.154] [WARN] warnOnly - ruta /favicon.ico método GET no implementada
[2022-09-24T19:12:43.642] [WARN] warnOnly - ruta /favicon.ico método GET no implementada
[2022-09-24T19:17:39.880] [WARN] warnOnly - ruta /mycart/6308add6fdd9618fa1afe183 método DELETE no implementada
[2022-09-24T19:17:46.638] [WARN] warnOnly - ruta /mycart/6308add6fdd9618fa1afe183 método DELETE no implementada
[2022-09-24T19:17:59.438] [WARN] warnOnly - ruta /mycart/6308add6fdd9618fa1afe183 método GET no implementada
[2022-09-24T19:18:14.694] [WARN] warnOnly - ruta /mycart/6308add6fdd9618fa1afe183 método GET no implementada
[2022-09-25T10:11:09.956] [WARN] warnOnly - ruta /favicon.ico método GET no implementada
[2022-09-25T10:51:17.909] [WARN] warnOnly - ruta /mycart/6308add6fdd9618fa1afe183 método GET no implementada
[2022-09-25T11:45:49.942] [WARN] warnOnly - ruta /mycart/6308add6fdd9618fa1afe183 método GET no implementada
[2022-09-25T11:52:08.299] [WARN] warnOnly - ruta /mycart/6308add6fdd9618fa1afe183 método GET no implementada
[2022-09-25T13:35:31.324] [WARN] warnOnly - ruta /mycart/6308add6fdd9618fa1afe183 método GET no implementada
[2022-09-25T13:36:56.220] [WARN] warnOnly - ruta /mycart/6308add6fdd9618fa1afe183 método GET no implementada
[2022-09-25T13:38:00.725] [WARN] warnOnly - ruta /mycart/6308add6fdd9618fa1afe183 método GET no implementada
[2022-09-25T13:47:28.263] [WARN] warnOnly - ruta /mycart/6308add6fdd9618fa1afe183 método GET no implementada
[2022-09-25T13:50:32.279] [WARN] warnOnly - ruta /mycart/6308add6fdd9618fa1afe183 método GET no implementada
[2022-09-25T13:52:43.664] [WARN] warnOnly - ruta /mycart/6308add6fdd9618fa1afe183 método GET no implementada
[2022-09-25T13:58:05.189] [WARN] warnOnly - ruta /mycart/6308add6fdd9618fa1afe183 método GET no implementada
[2022-09-25T14:00:19.972] [WARN] warnOnly - ruta /mycart/6308add6fdd9618fa1afe183 método GET no implementada
[2022-09-25T21:01:46.340] [WARN] warnOnly - ruta /favicon.ico método GET no implementada
[2022-09-25T21:01:56.161] [WARN] warnOnly - ruta /34 método GET no implementada
[2022-09-25T21:02:13.001] [WARN] warnOnly - ruta /api/unfetch.umd.js.map método GET no implementada
[2022-09-26T14:54:44.225] [WARN] warnOnly - ruta /favicon.ico método GET no implementada
[2022-09-26T14:54:48.335] [WARN] warnOnly - ruta /favicon.ico método GET no implementada
[2022-09-27T09:40:31.480] [WARN] warnOnly - ruta /favicon.ico método GET no implementada
[2022-09-27T09:40:36.040] [WARN] warnOnly - ruta /api/nop método GET no implementada
[2022-09-27T22:45:56.693] [WARN] warnOnly - ruta /favicon.ico método GET no implementada
[2022-09-27T23:10:28.714] [WARN] warnOnly - ruta /api/products/ método PUT no implementada
[2022-09-28T18:38:02.613] [WARN] warnOnly - ruta /favicon.ico método GET no implementada
[2022-09-28T18:38:18.897] [WARN] warnOnly - ruta /mycart/6308add6fdd9618fa1afe183 método GET no implementada
[2022-09-28T18:48:29.166] [WARN] warnOnly - ruta /favicon.ico método GET no implementada
[2022-09-28T19:02:49.680] [WARN] warnOnly - ruta /api/products/6332ef34db90f6cdb028b333 método POST no implementada
[2022-09-28T19:14:40.511] [WARN] warnOnly - ruta /api/nop método GET no implementada
[2022-09-28T20:40:58.080] [WARN] warnOnly - ruta /api/nop método GET no implementada
[2022-09-28T21:17:10.878] [WARN] warnOnly - ruta /api/nop método GET no implementada
[2022-09-28T21:36:46.617] [WARN] warnOnly - ruta /api/nop método GET no implementada
[2022-09-28T22:14:37.994] [WARN] warnOnly - ruta /api/nop método GET no implementada
[2022-09-28T22:26:14.923] [WARN] warnOnly - ruta /api/nop método GET no implementada
[2022-09-28T23:15:46.291] [WARN] warnOnly - ruta /api/nop método GET no implementada
[2022-09-28T23:15:51.509] [WARN] warnOnly - ruta /mycart/6308add6fdd9618fa1afe183 método GET no implementada
[2022-09-28T23:16:26.638] [WARN] warnOnly - ruta /api/nop método GET no implementada
[2022-09-28T23:16:30.566] [WARN] warnOnly - ruta /mycart/6308add6fdd9618fa1afe183 método GET no implementada
[2022-09-28T23:16:34.208] [WARN] warnOnly - ruta /api/nop método GET no implementada
[2022-09-28T23:16:36.452] [WARN] warnOnly - ruta /mycart/6308add6fdd9618fa1afe183 método GET no implementada
[2022-09-29T22:30:12.213] [WARN] warnOnly - ruta /favicon.ico método GET no implementada
[2022-09-29T22:30:18.345] [WARN] warnOnly - ruta /api/nop método GET no implementada
[2022-09-29T22:30:24.394] [WARN] warnOnly - ruta /mycart/6308add6fdd9618fa1afe183 método GET no implementada
[2022-09-29T22:33:05.374] [WARN] warnOnly - ruta /api/nop método GET no implementada
[2022-09-29T22:33:21.763] [WARN] warnOnly - ruta /api/nop método GET no implementada
[2022-09-29T22:45:44.594] [WARN] warnOnly - ruta /favicon.ico método GET no implementada
[2022-09-29T22:45:49.634] [WARN] warnOnly - ruta /api/nop método GET no implementada
[2022-09-29T22:52:03.721] [WARN] warnOnly - ruta /api/nop método GET no implementada
[2022-09-29T22:52:22.249] [WARN] warnOnly - ruta /api/nop método GET no implementada
[2022-09-29T22:52:30.689] [WARN] warnOnly - ruta /api/nop método GET no implementada
[2022-09-29T22:52:45.177] [WARN] warnOnly - ruta /api/nop método GET no implementada
[2022-09-29T22:55:50.198] [WARN] warnOnly - ruta /api/nop método GET no implementada
[2022-09-29T22:56:33.033] [WARN] warnOnly - ruta /api/nop método GET no implementada
[2022-09-29T22:58:12.881] [WARN] warnOnly - ruta /api/nop método GET no implementada
[2022-09-29T22:58:23.711] [WARN] warnOnly - ruta /api/nop método GET no implementada
[2022-10-17T23:14:21.489] [WARN] warnOnly - ruta /favicon.ico método GET no implementada
[2022-11-01T09:44:42.884] [WARN] warnOnly - ruta /api/photo-1665699108517.jpg método GET no implementada
[2022-11-01T09:44:46.185] [WARN] warnOnly - ruta /api/none método GET no implementada
[2022-11-01T09:44:46.208] [WARN] warnOnly - ruta /api/gql método POST no implementada
[2022-11-01T09:44:46.746] [WARN] warnOnly - ruta /api/photo-1665699108517.jpg método GET no implementada
[2022-11-01T09:44:49.700] [WARN] warnOnly - ruta /api/photo-1665699108517.jpg método GET no implementada
[2022-11-01T09:44:52.934] [WARN] warnOnly - ruta /api/photo-1665699108517.jpg método GET no implementada
[2022-11-01T09:44:54.714] [WARN] warnOnly - ruta /api/photo-1665699108517.jpg método GET no implementada
[2022-11-01T09:44:55.019] [WARN] warnOnly - ruta /api/none método GET no implementada
[2022-11-01T09:45:20.869] [WARN] warnOnly - ruta /api/gql método POST no implementada
[2022-11-01T09:45:20.893] [WARN] warnOnly - ruta /api/gql método POST no implementada
[2022-11-01T09:45:22.143] [WARN] warnOnly - ruta /api/gql método POST no implementada
[2022-11-01T09:45:22.357] [WARN] warnOnly - ruta /api/photo-1665699108517.jpg método GET no implementada
[2022-11-01T09:45:22.386] [WARN] warnOnly - ruta /api/none método GET no implementada
[2022-11-01T09:45:25.513] [WARN] warnOnly - ruta /api/photo-1665699108517.jpg método GET no implementada
[2022-11-01T09:45:26.615] [WARN] warnOnly - ruta /api/photo-1665699108517.jpg método GET no implementada
[2022-11-01T09:45:26.655] [WARN] warnOnly - ruta /api/none método GET no implementada
[2022-11-01T09:45:28.090] [WARN] warnOnly - ruta /api/gql método POST no implementada
[2022-11-01T09:45:28.390] [WARN] warnOnly - ruta /api/photo-1665699108517.jpg método GET no implementada
[2022-11-01T09:45:36.348] [WARN] warnOnly - ruta /api/photo-1665699108517.jpg método GET no implementada
[2022-11-01T09:45:36.366] [WARN] warnOnly - ruta /api/none método GET no implementada
[2022-11-01T09:45:40.046] [WARN] warnOnly - ruta /api/photo-1665699108517.jpg método GET no implementada
[2022-11-01T09:45:42.887] [WARN] warnOnly - ruta /api/photo-1665699108517.jpg método GET no implementada
[2022-11-01T09:45:42.925] [WARN] warnOnly - ruta /api/none método GET no implementada
[2022-11-01T09:45:53.909] [WARN] warnOnly - ruta /api/gql método POST no implementada
[2022-11-01T09:45:54.204] [WARN] warnOnly - ruta /api/photo-1665699108517.jpg método GET no implementada
[2022-11-01T09:48:17.507] [WARN] warnOnly - ruta /api/photo-1665699108517.jpg método GET no implementada
[2022-11-01T09:48:18.874] [WARN] warnOnly - ruta /api/none método GET no implementada
[2022-11-01T09:48:54.713] [WARN] warnOnly - ruta /api/gql método POST no implementada
[2022-11-01T09:48:55.026] [WARN] warnOnly - ruta /api/photo-1665699108517.jpg método GET no implementada
[2022-11-01T09:49:11.167] [WARN] warnOnly - ruta /api/photo-1665699108517.jpg método GET no implementada
[2022-11-01T09:49:12.796] [WARN] warnOnly - ruta /api/photo-1665699108517.jpg método GET no implementada
[2022-11-01T09:49:12.835] [WARN] warnOnly - ruta /api/none método GET no implementada
[2022-11-01T09:49:49.796] [WARN] warnOnly - ruta /api/none método GET no implementada
[2022-11-01T09:49:57.594] [WARN] warnOnly - ruta /api/none método GET no implementada
[2022-11-01T09:50:00.104] [WARN] warnOnly - ruta /api/gql método POST no implementada
[2022-11-01T09:53:48.320] [WARN] warnOnly - ruta /api/none método GET no implementada
[2022-11-01T09:53:51.162] [WARN] warnOnly - ruta /api/gql método POST no implementada
[2022-11-01T09:53:55.001] [WARN] warnOnly - ruta /api/none método GET no implementada
[2022-11-01T09:54:11.354] [WARN] warnOnly - ruta /api/none método GET no implementada
[2022-11-01T09:54:18.375] [WARN] warnOnly - ruta /api/none método GET no implementada
[2022-11-01T09:54:21.115] [WARN] warnOnly - ruta /api/gql método POST no implementada
[2022-11-01T09:55:43.097] [WARN] warnOnly - ruta /api/gql método POST no implementada
[2022-11-01T09:55:59.752] [WARN] warnOnly - ruta /api/none método GET no implementada
[2022-11-01T09:59:57.219] [WARN] warnOnly - ruta /api/none método GET no implementada
[2022-11-01T10:28:17.850] [WARN] warnOnly - ruta /api/photo-1665699108517.jpg método GET no implementada
[2022-11-01T10:28:17.884] [WARN] warnOnly - ruta /api/none método GET no implementada
[2022-11-01T10:28:20.911] [WARN] warnOnly - ruta /mycart/63488d258877cd0875fdc26d método GET no implementada
[2022-11-01T10:28:21.006] [WARN] warnOnly - ruta /shop/mycart/63488d258877cd0875fdc26d método GET no implementada
[2022-11-01T10:28:23.806] [WARN] warnOnly - ruta /api/photo-1665699108517.jpg método GET no implementada
[2022-11-01T10:28:24.074] [WARN] warnOnly - ruta /api/none método GET no implementada
[2022-11-01T10:28:25.182] [WARN] warnOnly - ruta /api/photo-1665699108517.jpg método GET no implementada
[2022-11-01T10:28:33.417] [WARN] warnOnly - ruta /api/photo-1665699108517.jpg método GET no implementada
[2022-11-01T10:28:39.979] [WARN] warnOnly - ruta /api/photo-1665699108517.jpg método GET no implementada
[2022-11-01T10:28:47.298] [WARN] warnOnly - ruta /api/none método GET no implementada
[2022-11-01T10:29:06.816] [WARN] warnOnly - ruta /api/shop método GET no implementada
[2022-11-01T10:29:10.147] [WARN] warnOnly - ruta /api/photo-1665699108517.jpg método GET no implementada
[2022-11-01T10:29:10.150] [WARN] warnOnly - ruta /api/none método GET no implementada
[2022-11-01T10:29:15.916] [WARN] warnOnly - ruta /mycart/63488d258877cd0875fdc26d método GET no implementada
[2022-11-01T10:29:16.010] [WARN] warnOnly - ruta /shop/mycart/63488d258877cd0875fdc26d método GET no implementada
[2022-11-01T10:29:28.461] [WARN] warnOnly - ruta /api/photo-1665699108517.jpg método GET no implementada
[2022-11-01T10:29:30.593] [WARN] warnOnly - ruta /api/photo-1665699108517.jpg método GET no implementada
[2022-11-01T10:29:30.625] [WARN] warnOnly - ruta /api/none método GET no implementada
[2022-11-01T10:29:32.121] [WARN] warnOnly - ruta /mycart/63488d258877cd0875fdc26d método GET no implementada
[2022-11-01T10:29:32.411] [WARN] warnOnly - ruta /api/photo-1665699108517.jpg método GET no implementada
[2022-11-01T10:29:37.310] [WARN] warnOnly - ruta /api/photo-1665699108517.jpg método GET no implementada
[2022-11-01T10:29:37.345] [WARN] warnOnly - ruta /api/none método GET no implementada
[2022-11-01T10:29:41.996] [WARN] warnOnly - ruta /mycart/63488d258877cd0875fdc26d método GET no implementada
[2022-11-01T10:29:42.288] [WARN] warnOnly - ruta /api/photo-1665699108517.jpg método GET no implementada
[2022-11-01T10:29:49.298] [WARN] warnOnly - ruta /api/photo-1665699108517.jpg método GET no implementada
[2022-11-01T10:29:52.841] [WARN] warnOnly - ruta /api/photo-1665699108517.jpg método GET no implementada
[2022-11-01T10:29:52.883] [WARN] warnOnly - ruta /api/none método GET no implementada
[2022-11-01T10:31:59.344] [WARN] warnOnly - ruta /api/none método GET no implementada
[2022-11-01T10:37:58.122] [WARN] warnOnly - ruta /api/none método GET no implementada
[2022-11-01T10:40:59.463] [WARN] warnOnly - ruta /api/none método GET no implementada
[2022-11-01T10:40:59.607] [WARN] warnOnly - ruta /api/none método GET no implementada
[2022-11-01T10:41:09.954] [WARN] warnOnly - ruta /mycart/63488d258877cd0875fdc26d método DELETE no implementada
[2022-11-01T10:41:11.804] [WARN] warnOnly - ruta /mycart/63488d258877cd0875fdc26d método DELETE no implementada
[2022-11-01T10:41:14.751] [WARN] warnOnly - ruta /api/none método GET no implementada
[2022-11-01T10:41:49.392] [WARN] warnOnly - ruta /api/none método GET no implementada
[2022-11-01T10:43:09.424] [WARN] warnOnly - ruta /api/none método GET no implementada
[2022-11-01T10:44:50.803] [WARN] warnOnly - ruta /api/none método GET no implementada
[2022-11-01T10:46:05.566] [WARN] warnOnly - ruta /api/none método GET no implementada
[2022-11-01T10:47:36.593] [WARN] warnOnly - ruta /api/none método GET no implementada
[2022-11-01T10:47:57.953] [WARN] warnOnly - ruta /api/none método GET no implementada
[2022-11-01T10:49:36.487] [WARN] warnOnly - ruta /api/none método GET no implementada
[2022-11-01T10:50:00.495] [WARN] warnOnly - ruta /api/none método GET no implementada
[2022-11-01T10:50:07.675] [WARN] warnOnly - ruta /api/none método GET no implementada
[2022-11-01T10:50:24.667] [WARN] warnOnly - ruta /api/none método GET no implementada
[2022-11-01T10:50:38.502] [WARN] warnOnly - ruta /api/none método GET no implementada
[2022-11-01T10:50:49.149] [WARN] warnOnly - ruta /api/none método GET no implementada
[2022-11-01T10:50:57.921] [WARN] warnOnly - ruta /api/none método GET no implementada
[2022-11-01T10:51:08.190] [WARN] warnOnly - ruta /api/none método GET no implementada
[2022-11-01T10:51:15.596] [WARN] warnOnly - ruta /api/none método GET no implementada
[2022-11-01T10:51:15.769] [WARN] warnOnly - ruta /api/none método GET no implementada
[2022-11-01T10:51:52.951] [WARN] warnOnly - ruta /api/none método GET no implementada
[2022-11-01T10:51:53.161] [WARN] warnOnly - ruta /api/none método GET no implementada
[2022-11-01T10:52:12.371] [WARN] warnOnly - ruta /api/none método GET no implementada
[2022-11-01T10:52:12.525] [WARN] warnOnly - ruta /api/none método GET no implementada
[2022-11-01T10:52:53.352] [WARN] warnOnly - ruta /api/none método GET no implementada
[2022-11-01T10:52:53.522] [WARN] warnOnly - ruta /api/none método GET no implementada
[2022-11-01T10:53:22.286] [WARN] warnOnly - ruta /api/none método GET no implementada
[2022-11-01T10:53:22.456] [WARN] warnOnly - ruta /api/none método GET no implementada
[2022-11-01T10:53:35.918] [WARN] warnOnly - ruta /api/none método GET no implementada
[2022-11-01T10:53:36.109] [WARN] warnOnly - ruta /api/none método GET no implementada
[2022-11-01T10:54:13.327] [WARN] warnOnly - ruta /api/none método GET no implementada
[2022-11-01T10:54:13.487] [WARN] warnOnly - ruta /api/none método GET no implementada
[2022-11-01T10:54:28.644] [WARN] warnOnly - ruta /api/none método GET no implementada
[2022-11-01T10:54:28.923] [WARN] warnOnly - ruta /api/none método GET no implementada
[2022-11-01T10:55:35.206] [WARN] warnOnly - ruta /api/none método GET no implementada
[2022-11-01T10:55:35.387] [WARN] warnOnly - ruta /api/none método GET no implementada
[2022-11-01T10:55:51.878] [WARN] warnOnly - ruta /api/none método GET no implementada
[2022-11-01T10:55:52.043] [WARN] warnOnly - ruta /api/none método GET no implementada
[2022-11-01T10:56:06.275] [WARN] warnOnly - ruta /api/none método GET no implementada
[2022-11-01T10:56:07.678] [WARN] warnOnly - ruta /api/none método GET no implementada
[2022-11-01T10:57:38.303] [WARN] warnOnly - ruta /api/none método GET no implementada
[2022-11-01T10:57:38.450] [WARN] warnOnly - ruta /api/none método GET no implementada
[2022-11-01T10:58:19.836] [WARN] warnOnly - ruta /api/none método GET no implementada
[2022-11-01T10:58:20.015] [WARN] warnOnly - ruta /api/none método GET no implementada
[2022-11-01T11:00:19.255] [WARN] warnOnly - ruta /api/none método GET no implementada
[2022-11-01T11:00:19.422] [WARN] warnOnly - ruta /api/none método GET no implementada
[2022-11-01T11:01:02.458] [WARN] warnOnly - ruta /api/none método GET no implementada
[2022-11-01T11:01:02.620] [WARN] warnOnly - ruta /api/none método GET no implementada
[2022-11-01T11:01:44.688] [WARN] warnOnly - ruta /api/none método GET no implementada
[2022-11-01T11:01:44.870] [WARN] warnOnly - ruta /api/none método GET no implementada
[2022-11-01T11:02:21.830] [WARN] warnOnly - ruta /api/none método GET no implementada
[2022-11-01T11:02:21.991] [WARN] warnOnly - ruta /api/none método GET no implementada
[2022-11-01T11:03:21.454] [WARN] warnOnly - ruta /api/none método GET no implementada
[2022-11-01T11:03:21.674] [WARN] warnOnly - ruta /api/none método GET no implementada
[2022-11-01T11:03:46.003] [WARN] warnOnly - ruta /api/none método GET no implementada
[2022-11-01T11:03:46.156] [WARN] warnOnly - ruta /api/none método GET no implementada
[2022-11-01T11:03:59.635] [WARN] warnOnly - ruta /api/none método GET no implementada
[2022-11-01T11:03:59.793] [WARN] warnOnly - ruta /api/none método GET no implementada
[2022-11-01T11:04:10.350] [WARN] warnOnly - ruta /api/none método GET no implementada
[2022-11-01T11:04:10.502] [WARN] warnOnly - ruta /api/none método GET no implementada
[2022-11-01T11:04:51.981] [WARN] warnOnly - ruta /api/none método GET no implementada
[2022-11-01T11:04:52.244] [WARN] warnOnly - ruta /api/none método GET no implementada
[2022-11-01T11:05:01.703] [WARN] warnOnly - ruta /api/none método GET no implementada
[2022-11-01T11:05:01.866] [WARN] warnOnly - ruta /api/none método GET no implementada
[2022-11-01T11:05:11.181] [WARN] warnOnly - ruta /api/none método GET no implementada
[2022-11-01T11:05:11.331] [WARN] warnOnly - ruta /api/none método GET no implementada
[2022-11-01T11:06:56.273] [WARN] warnOnly - ruta /api/none método GET no implementada
[2022-11-01T11:06:56.478] [WARN] warnOnly - ruta /api/none método GET no implementada
[2022-11-01T11:07:13.112] [WARN] warnOnly - ruta /api/none método GET no implementada
[2022-11-01T11:07:13.230] [WARN] warnOnly - ruta /api/none método GET no implementada
[2022-11-01T11:07:44.275] [WARN] warnOnly - ruta /api/none método GET no implementada
[2022-11-01T11:07:44.424] [WARN] warnOnly - ruta /api/none método GET no implementada
[2022-11-01T11:07:58.588] [WARN] warnOnly - ruta /api/none método GET no implementada
[2022-11-01T11:07:58.770] [WARN] warnOnly - ruta /api/none método GET no implementada
[2022-11-01T11:08:12.384] [WARN] warnOnly - ruta /api/none método GET no implementada
[2022-11-01T11:08:12.703] [WARN] warnOnly - ruta /api/none método GET no implementada
[2022-11-01T11:08:57.400] [WARN] warnOnly - ruta /api/none método GET no implementada
[2022-11-01T11:08:57.530] [WARN] warnOnly - ruta /api/none método GET no implementada
[2022-11-01T11:09:38.395] [WARN] warnOnly - ruta /api/none método GET no implementada
[2022-11-01T11:09:38.584] [WARN] warnOnly - ruta /api/none método GET no implementada
[2022-11-01T11:14:15.769] [WARN] warnOnly - ruta /api/none método GET no implementada
[2022-11-01T11:14:21.873] [WARN] warnOnly - ruta /api/none método GET no implementada
[2022-11-01T11:14:35.769] [WARN] warnOnly - ruta /api/none método GET no implementada
[2022-11-01T11:15:23.138] [WARN] warnOnly - ruta /api/none método GET no implementada
[2022-11-01T11:16:12.974] [WARN] warnOnly - ruta /api/none método GET no implementada
[2022-11-01T11:16:23.687] [WARN] warnOnly - ruta /api/none método GET no implementada
[2022-11-01T11:19:24.262] [WARN] warnOnly - ruta /api/none método GET no implementada
[2022-11-01T11:19:51.612] [WARN] warnOnly - ruta /mycart/63488d258877cd0875fdc26d método GET no implementada
[2022-11-01T11:24:53.539] [WARN] warnOnly - ruta /api/none método GET no implementada
[2022-11-01T11:26:24.333] [WARN] warnOnly - ruta /api/photo-1665699108517.jpg método GET no implementada
[2022-11-01T11:26:41.211] [WARN] warnOnly - ruta /api/none método GET no implementada
[2022-11-01T11:27:10.005] [WARN] warnOnly - ruta /api/none método GET no implementada
[2022-11-01T11:28:09.728] [WARN] warnOnly - ruta /api/none método GET no implementada
[2022-11-01T11:30:47.316] [WARN] warnOnly - ruta /api/none método GET no implementada
[2022-11-01T11:33:22.308] [WARN] warnOnly - ruta /api/messages:marquitopassador@hotmail.com método GET no implementada
[2022-11-01T11:33:43.165] [WARN] warnOnly - ruta /api/messages/marquitopassador@hotmail.com método GET no implementada
[2022-11-01T11:49:40.445] [WARN] warnOnly - ruta /api/messages/marquitopassador@hotmail.com método GET no implementada
[2022-11-01T11:49:40.664] [WARN] warnOnly - ruta /favicon.ico método GET no implementada
[2022-11-01T11:50:27.467] [WARN] warnOnly - ruta /api/none método GET no implementada
[2022-11-01T11:51:17.128] [WARN] warnOnly - ruta /api/none método GET no implementada
[2022-11-01T11:51:32.156] [WARN] warnOnly - ruta /api/none método GET no implementada
[2022-11-01T11:51:33.857] [WARN] warnOnly - ruta /api/photo-1665699108517.jpg método GET no implementada
[2022-11-01T11:51:53.840] [WARN] warnOnly - ruta /api/none método GET no implementada
[2022-11-01T11:51:59.089] [WARN] warnOnly - ruta /api/none método GET no implementada
[2022-11-01T11:51:59.217] [WARN] warnOnly - ruta /api/none método GET no implementada
[2022-11-01T11:52:00.720] [WARN] warnOnly - ruta /mycart/62df059564abfd22f0a397a3 método GET no implementada
[2022-11-01T11:56:22.296] [WARN] warnOnly - ruta /mycart/62df059564abfd22f0a397a3 método DELETE no implementada
[2022-11-01T11:56:54.393] [WARN] warnOnly - ruta /api/none método GET no implementada
[2022-11-01T11:56:56.561] [WARN] warnOnly - ruta /mycart/62df059564abfd22f0a397a3 método GET no implementada
[2022-11-01T11:56:58.447] [WARN] warnOnly - ruta /mycart/62df059564abfd22f0a397a3 método DELETE no implementada
[2022-11-01T11:57:01.395] [WARN] warnOnly - ruta /api/none método GET no implementada
